app/mappings/seeds.txt
com.elfen.ngallery.data.remote.models.NetworkImageKt
com.elfen.ngallery.models.Resource$Error
com.elfen.ngallery.models.DownloadState$Downloading
com.elfen.ngallery.models.GalleryPage$Companion
com.elfen.ngallery.data.remote.models.NetworkImage
com.elfen.ngallery.models.Resource
com.elfen.ngallery.services.DownloadService_GeneratedInjector
com.elfen.ngallery.data.local.AppDatabase_Impl
com.elfen.ngallery.MainApplication_GeneratedInjector
com.elfen.ngallery.data.remote.models.NetworkTag
com.elfen.ngallery.models.DownloadState$Done
com.elfen.ngallery.models.GalleryPage$$serializer
com.elfen.ngallery.data.remote.models.NetworkResult
com.elfen.ngallery.models.GalleryImage$Companion
com.elfen.ngallery.models.SortingKt
com.elfen.ngallery.MainApplication
com.elfen.ngallery.models.GalleryKt
com.elfen.ngallery.models.GalleryImage$$serializer
com.elfen.ngallery.data.remote.models.NetworkError
com.elfen.ngallery.models.GalleryPage
com.elfen.ngallery.data.local.entities.PageEntity
com.elfen.ngallery.MainActivity
com.elfen.ngallery.data.remote.models.NetworkTagKt
com.elfen.ngallery.models.DownloadState$Unsaved
com.elfen.ngallery.models.DownloadState
com.elfen.ngallery.data.remote.models.NetworkGallery
com.elfen.ngallery.data.remote.APIService
com.elfen.ngallery.models.Resource$Success
com.elfen.ngallery.models.GalleryImage
com.elfen.ngallery.models.Gallery
com.elfen.ngallery.data.local.AppDatabase
com.elfen.ngallery.data.local.entities.GalleryEntity
com.elfen.ngallery.models.SortingKt$WhenMappings
com.elfen.ngallery.models.Sorting
com.elfen.ngallery.data.local.entities.DownloadEntity
com.elfen.ngallery.models.DownloadState$Pending
com.elfen.ngallery.data.remote.models.NetworkImages
com.elfen.ngallery.data.remote.models.NetworkTitle
com.elfen.ngallery.models.DownloadState$Failure
com.elfen.ngallery.data.remote.models.NetworkGalleryKt
com.elfen.ngallery.MainActivity_GeneratedInjector
com.elfen.ngallery.services.DownloadService
com.elfen.ngallery.ui.screens.extract.ExtractViewModel$requestGallery$1: com.elfen.ngallery.ui.screens.extract.ExtractViewModel this$0
com.elfen.ngallery.ui.screens.browse.BrowseScreenKt$BrowseScreen$3$invoke$lambda$6$lambda$5$$inlined$items$default$4: kotlin.jvm.functions.Function1 $onOpenGallery$inlined
com.elfen.ngallery.ui.screens.browse.BrowseViewModel$1$1: java.lang.Object L$0
com.elfen.ngallery.ui.screens.gallery.GalleryScreenKt$GalleryScreen$2$invoke$lambda$9$lambda$8$$inlined$items$default$2: java.util.List $items
com.elfen.ngallery.ui.screens.extract.ExtractViewModel$1$invokeSuspend$$inlined$map$1$2$1: java.lang.Object result
com.elfen.ngallery.models.GalleryPage: int width
com.elfen.ngallery.ui.screens.browse.BrowseViewModel$state$1: java.lang.Object L$2
com.elfen.ngallery.ui.screens.browse.BrowseViewModel$1$1: int label
com.elfen.ngallery.ui.screens.browse.BrowseScreenKt$BrowseScreen$3$invoke$lambda$6$lambda$5$$inlined$items$default$4: java.util.List $items
com.elfen.ngallery.data.repository.GalleryRepository$getSavedGalleriesFlow$$inlined$map$1$2$1: java.lang.Object L$0
com.elfen.ngallery.data.repository.GalleryRepository$fetchGalleryById$2: int label
com.elfen.ngallery.models.GalleryPage: int height
com.elfen.ngallery.data.local.prefs.StoreToken$special$$inlined$map$1$2$1: java.lang.Object L$0
com.elfen.ngallery.models.Sorting: com.elfen.ngallery.models.Sorting POPULAR
com.elfen.ngallery.models.SortingKt$WhenMappings: int[] $EnumSwitchMapping$0
com.elfen.ngallery.data.repository.GalleryRepository$saveGallery$1: int label
com.elfen.ngallery.data.repository.GalleryRepository$saveGallery$1: java.lang.Object L$1
com.elfen.ngallery.utilities.ResourceOfKt$resourceOf$1: int label
com.elfen.ngallery.data.local.prefs.StoreToken$special$$inlined$map$1$2$1: java.lang.Object result
com.elfen.ngallery.data.remote.models.NetworkGallery: long uploadDate
com.elfen.ngallery.data.remote.TokenInterceptor$intercept$agent$1: com.elfen.ngallery.data.remote.TokenInterceptor this$0
...
androidx.datastore.preferences.protobuf.Field: androidx.datastore.preferences.protobuf.Field parseFrom(byte[],androidx.datastore.preferences.protobuf.ExtensionRegistryLite)
androidx.datastore.preferences.protobuf.RopeByteString: int size()
androidx.datastore.preferences.protobuf.CodedInputStreamReader: void readFixed32List(java.util.List)
androidx.room.RoomDatabaseKt$startTransactionCoroutine$2$1$1: java.lang.Object invokeSuspend(java.lang.Object)
androidx.datastore.preferences.protobuf.Enum: void access$600(androidx.datastore.preferences.protobuf.Enum,int,androidx.datastore.preferences.protobuf.EnumValue)
androidx.datastore.core.UncloseableOutputStream: void write(int)
androidx.datastore.preferences.protobuf.CodedOutputStream: int computeUInt32SizeNoTag(int)
androidx.datastore.core.SingleProcessCoordinator$updateNotifications$1: java.lang.Object invoke(kotlinx.coroutines.flow.FlowCollector,kotlin.coroutines.Continuation)
androidx.datastore.core.DataStoreImpl$readDataOrHandleCorruption$1: java.lang.Object invokeSuspend(java.lang.Object)
androidx.room.QueryInterceptorDatabase: void execSQL$lambda$10(androidx.room.QueryInterceptorDatabase,java.lang.String)
androidx.datastore.core.R: R()
androidx.datastore.preferences.protobuf.FieldType: boolean isValidForList(java.lang.reflect.Field)
androidx.datastore.preferences.protobuf.Struct$Builder: androidx.datastore.preferences.protobuf.Struct$Builder clearFields()
androidx.datastore.preferences.protobuf.CodedOutputStreamWriter: void writeDouble(int,double)
androidx.datastore.preferences.protobuf.CodedOutputStream: void writeSFixed32NoTag(int)
androidx.datastore.preferences.protobuf.UInt32Value: androidx.datastore.preferences.protobuf.UInt32Value of(int)
androidx.datastore.preferences.core.PreferenceDataStore: kotlinx.coroutines.flow.Flow getData()
androidx.datastore.preferences.protobuf.EnumValueOrBuilder: androidx.datastore.preferences.protobuf.ByteString getNameBytes()
androidx.lifecycle.ReportFragment$LifecycleCallbacks: void onActivityPostStarted(android.app.Activity)
androidx.core.graphics.drawable.IconCompat$Api23Impl: android.graphics.drawable.Icon toIcon(androidx.core.graphics.drawable.IconCompat,android.content.Context)
androidx.datastore.preferences.protobuf.SchemaUtil: int computeSizeMessage(int,java.lang.Object,androidx.datastore.preferences.protobuf.Schema)
androidx.datastore.preferences.protobuf.StructProto: void registerAllExtensions(androidx.datastore.preferences.protobuf.ExtensionRegistryLite)
androidx.datastore.preferences.protobuf.UnsafeUtil$Android32MemoryAccessor: void putDouble(java.lang.Object,long,double)
androidx.datastore.preferences.protobuf.CodedOutputStream: void write(java.nio.ByteBuffer)
androidx.compose.ui.platform.WrapperRenderNodeLayerHelperMethods: void onDescendantInvalidated(androidx.compose.ui.platform.AndroidComposeView)
androidx.datastore.preferences.protobuf.GeneratedMessageLite: int getMemoizedHashCode()
androidx.datastore.preferences.protobuf.LazyStringArrayList: byte[] access$100(java.lang.Object)
androidx.compose.ui.text.input.CursorAnchorInfoApi34Helper: android.view.inputmethod.CursorAnchorInfo$Builder addVisibleLineBounds(android.view.inputmethod.CursorAnchorInfo$Builder,androidx.compose.ui.text.TextLayoutResult,androidx.compose.ui.geometry.Rect)
androidx.datastore.preferences.protobuf.BinaryWriter: void writeMessageList(int,java.util.List,androidx.datastore.preferences.protobuf.Schema)
androidx.datastore.preferences.protobuf.Writer: void writeMessage(int,java.lang.Object,androidx.datastore.preferences.protobuf.Schema)
androidx.datastore.preferences.protobuf.Writer: void writeStartGroup(int)
androidx.datastore.preferences.core.PreferenceDataStore$updateData$2: java.lang.Object invoke(androidx.datastore.preferences.core.Preferences,kotlin.coroutines.Continuation)
androidx.datastore.preferences.protobuf.LazyFieldLite: boolean containsDefaultInstance()
androidx.datastore.preferences.protobuf.Api: void clearOptions()